<?xml version="1.0" encoding="UTF-8"?>
<testng-results ignored="1" total="4" passed="3" failed="0" skipped="0">
  <reporter-output>
  </reporter-output>
  <suite started-at="2026-01-07T13:26:31 IST" name="Suite" finished-at="2026-01-07T13:26:32 IST" duration-ms="368">
    <groups>
    </groups>
    <test started-at="2026-01-07T13:26:31 IST" name="Test" finished-at="2026-01-07T13:26:32 IST" duration-ms="368">
      <class name="testNGAnnotations.TestNG_Annotations">
        <test-method is-config="true" signature="beforeSuite()[pri:0, instance:testNGAnnotations.TestNG_Annotations@79e4c792]" started-at="2026-01-07T13:26:31 IST" name="beforeSuite" finished-at="2026-01-07T13:26:31 IST" duration-ms="88" status="PASS">
          <reporter-output>
          </reporter-output>
        </test-method> <!-- beforeSuite -->
        <test-method is-config="true" signature="beforeTest()[pri:0, instance:testNGAnnotations.TestNG_Annotations@79e4c792]" started-at="2026-01-07T13:26:31 IST" name="beforeTest" finished-at="2026-01-07T13:26:31 IST" duration-ms="3" status="PASS">
          <reporter-output>
          </reporter-output>
        </test-method> <!-- beforeTest -->
        <test-method is-config="true" signature="beforeClass()[pri:0, instance:testNGAnnotations.TestNG_Annotations@79e4c792]" started-at="2026-01-07T13:26:31 IST" name="beforeClass" finished-at="2026-01-07T13:26:31 IST" duration-ms="1" status="PASS">
          <reporter-output>
          </reporter-output>
        </test-method> <!-- beforeClass -->
        <test-method is-config="true" signature="beforeMethod()[pri:0, instance:testNGAnnotations.TestNG_Annotations@79e4c792]" started-at="2026-01-07T13:26:31 IST" name="beforeMethod" finished-at="2026-01-07T13:26:31 IST" duration-ms="3" status="PASS">
          <reporter-output>
          </reporter-output>
        </test-method> <!-- beforeMethod -->
        <test-method signature="testMethod1()[pri:0, instance:testNGAnnotations.TestNG_Annotations@79e4c792]" started-at="2026-01-07T13:26:31 IST" name="testMethod1" finished-at="2026-01-07T13:26:32 IST" duration-ms="17" status="PASS">
          <reporter-output>
          </reporter-output>
        </test-method> <!-- testMethod1 -->
        <test-method is-config="true" signature="afterMethod()[pri:0, instance:testNGAnnotations.TestNG_Annotations@79e4c792]" started-at="2026-01-07T13:26:32 IST" name="afterMethod" finished-at="2026-01-07T13:26:32 IST" duration-ms="1" status="PASS">
          <reporter-output>
          </reporter-output>
        </test-method> <!-- afterMethod -->
        <test-method is-config="true" signature="beforeMethod()[pri:0, instance:testNGAnnotations.TestNG_Annotations@79e4c792]" started-at="2026-01-07T13:26:32 IST" name="beforeMethod" finished-at="2026-01-07T13:26:32 IST" duration-ms="1" status="PASS">
          <reporter-output>
          </reporter-output>
        </test-method> <!-- beforeMethod -->
        <test-method signature="testMethod2()[pri:0, instance:testNGAnnotations.TestNG_Annotations@79e4c792]" started-at="2026-01-07T13:26:32 IST" name="testMethod2" finished-at="2026-01-07T13:26:32 IST" duration-ms="9" status="PASS">
          <reporter-output>
          </reporter-output>
        </test-method> <!-- testMethod2 -->
        <test-method is-config="true" signature="afterMethod()[pri:0, instance:testNGAnnotations.TestNG_Annotations@79e4c792]" started-at="2026-01-07T13:26:32 IST" name="afterMethod" finished-at="2026-01-07T13:26:32 IST" duration-ms="3" status="PASS">
          <reporter-output>
          </reporter-output>
        </test-method> <!-- afterMethod -->
        <test-method is-config="true" signature="afterClass()[pri:0, instance:testNGAnnotations.TestNG_Annotations@79e4c792]" started-at="2026-01-07T13:26:32 IST" name="afterClass" finished-at="2026-01-07T13:26:32 IST" duration-ms="5" status="PASS">
          <reporter-output>
          </reporter-output>
        </test-method> <!-- afterClass -->
        <test-method is-config="true" signature="afterTest()[pri:0, instance:testNGAnnotations.TestNG_Annotations@79e4c792]" started-at="2026-01-07T13:26:32 IST" name="afterTest" finished-at="2026-01-07T13:26:32 IST" duration-ms="5" status="PASS">
          <reporter-output>
          </reporter-output>
        </test-method> <!-- afterTest -->
        <test-method is-config="true" signature="afterSuite()[pri:0, instance:testNGAnnotations.TestNG_Annotations@79e4c792]" started-at="2026-01-07T13:26:32 IST" name="afterSuite" finished-at="2026-01-07T13:26:32 IST" duration-ms="2" status="PASS">
          <reporter-output>
          </reporter-output>
        </test-method> <!-- afterSuite -->
      </class> <!-- testNGAnnotations.TestNG_Annotations -->
      <class name="testNGAnnotations.TestNG_Annotations_Demo">
        <test-method is-config="true" signature="beforeSuite()[pri:0, instance:testNGAnnotations.TestNG_Annotations_Demo@4b29d1d2]" started-at="2026-01-07T13:26:31 IST" name="beforeSuite" finished-at="2026-01-07T13:26:31 IST" duration-ms="1" status="PASS">
          <reporter-output>
          </reporter-output>
        </test-method> <!-- beforeSuite -->
        <test-method is-config="true" signature="beforeTest()[pri:0, instance:testNGAnnotations.TestNG_Annotations_Demo@4b29d1d2]" started-at="2026-01-07T13:26:31 IST" name="beforeTest" finished-at="2026-01-07T13:26:31 IST" duration-ms="2" status="PASS">
          <reporter-output>
          </reporter-output>
        </test-method> <!-- beforeTest -->
        <test-method is-config="true" signature="beforeClass()[pri:0, instance:testNGAnnotations.TestNG_Annotations_Demo@4b29d1d2]" started-at="2026-01-07T13:26:32 IST" name="beforeClass" finished-at="2026-01-07T13:26:32 IST" duration-ms="1" status="PASS">
          <reporter-output>
          </reporter-output>
        </test-method> <!-- beforeClass -->
        <test-method is-config="true" signature="beforeMethod()[pri:0, instance:testNGAnnotations.TestNG_Annotations_Demo@4b29d1d2]" started-at="2026-01-07T13:26:32 IST" name="beforeMethod" finished-at="2026-01-07T13:26:32 IST" duration-ms="3" status="PASS">
          <reporter-output>
          </reporter-output>
        </test-method> <!-- beforeMethod -->
        <test-method signature="testMethodDemo2()[pri:0, instance:testNGAnnotations.TestNG_Annotations_Demo@4b29d1d2]" started-at="2026-01-07T13:26:32 IST" name="testMethodDemo2" finished-at="2026-01-07T13:26:32 IST" duration-ms="23" status="PASS">
          <reporter-output>
          </reporter-output>
        </test-method> <!-- testMethodDemo2 -->
        <test-method is-config="true" signature="afterMethod()[pri:0, instance:testNGAnnotations.TestNG_Annotations_Demo@4b29d1d2]" started-at="2026-01-07T13:26:32 IST" name="afterMethod" finished-at="2026-01-07T13:26:32 IST" duration-ms="9" status="PASS">
          <reporter-output>
          </reporter-output>
        </test-method> <!-- afterMethod -->
        <test-method is-config="true" signature="afterClass()[pri:0, instance:testNGAnnotations.TestNG_Annotations_Demo@4b29d1d2]" started-at="2026-01-07T13:26:32 IST" name="afterClass" finished-at="2026-01-07T13:26:32 IST" duration-ms="6" status="PASS">
          <reporter-output>
          </reporter-output>
        </test-method> <!-- afterClass -->
        <test-method is-config="true" signature="afterTest()[pri:0, instance:testNGAnnotations.TestNG_Annotations_Demo@4b29d1d2]" started-at="2026-01-07T13:26:32 IST" name="afterTest" finished-at="2026-01-07T13:26:32 IST" duration-ms="1" status="PASS">
          <reporter-output>
          </reporter-output>
        </test-method> <!-- afterTest -->
        <test-method is-config="true" signature="afterSuite()[pri:0, instance:testNGAnnotations.TestNG_Annotations_Demo@4b29d1d2]" started-at="2026-01-07T13:26:32 IST" name="afterSuite" finished-at="2026-01-07T13:26:32 IST" duration-ms="3" status="PASS">
          <reporter-output>
          </reporter-output>
        </test-method> <!-- afterSuite -->
      </class> <!-- testNGAnnotations.TestNG_Annotations_Demo -->
    </test> <!-- Test -->
  </suite> <!-- Suite -->
</testng-results>
