<?xml version="1.0" encoding="UTF-8"?>
<testng-results ignored="0" total="3" passed="3" failed="0" skipped="0">
  <reporter-output>
  </reporter-output>
  <suite started-at="2026-01-11T20:17:36 IST" name="Default suite" finished-at="2026-01-11T20:17:36 IST" duration-ms="173">
    <groups>
    </groups>
    <test started-at="2026-01-11T20:17:36 IST" name="Default test" finished-at="2026-01-11T20:17:36 IST" duration-ms="173">
      <class name="testNGAnnotations.DataProviderDemo">
        <test-method signature="loginData(java.lang.String,java.lang.String)[pri:0, instance:testNGAnnotations.DataProviderDemo@45099dd3]" started-at="2026-01-11T20:17:36 IST" name="loginData" data-provider="Login" finished-at="2026-01-11T20:17:36 IST" duration-ms="9" status="PASS">
          <params>
            <param index="0">
              <value>
                <![CDATA[user1]]>
              </value>
            </param>
            <param index="1">
              <value>
                <![CDATA[password1]]>
              </value>
            </param>
          </params>
          <reporter-output>
          </reporter-output>
        </test-method> <!-- loginData -->
        <test-method signature="loginData(java.lang.String,java.lang.String)[pri:0, instance:testNGAnnotations.DataProviderDemo@45099dd3]" started-at="2026-01-11T20:17:36 IST" name="loginData" data-provider="Login" finished-at="2026-01-11T20:17:36 IST" duration-ms="7" status="PASS">
          <params>
            <param index="0">
              <value>
                <![CDATA[user2]]>
              </value>
            </param>
            <param index="1">
              <value>
                <![CDATA[password2]]>
              </value>
            </param>
          </params>
          <reporter-output>
          </reporter-output>
        </test-method> <!-- loginData -->
        <test-method signature="loginData(java.lang.String,java.lang.String)[pri:0, instance:testNGAnnotations.DataProviderDemo@45099dd3]" started-at="2026-01-11T20:17:36 IST" name="loginData" data-provider="Login" finished-at="2026-01-11T20:17:36 IST" duration-ms="3" status="PASS">
          <params>
            <param index="0">
              <value>
                <![CDATA[user3]]>
              </value>
            </param>
            <param index="1">
              <value>
                <![CDATA[password3]]>
              </value>
            </param>
          </params>
          <reporter-output>
          </reporter-output>
        </test-method> <!-- loginData -->
      </class> <!-- testNGAnnotations.DataProviderDemo -->
    </test> <!-- Default test -->
  </suite> <!-- Default suite -->
</testng-results>
