<?xml version="1.0" encoding="UTF-8"?>
<testng-results ignored="0" total="1" passed="1" failed="0" skipped="0">
  <reporter-output>
  </reporter-output>
  <suite started-at="2026-01-06T20:51:19 IST" name="Default suite" finished-at="2026-01-06T20:51:19 IST" duration-ms="137">
    <groups>
    </groups>
    <test started-at="2026-01-06T20:51:19 IST" name="Default test" finished-at="2026-01-06T20:51:19 IST" duration-ms="137">
      <class name="firstProgramPackage.TestNGProgram">
        <test-method signature="testNGMethod()[pri:0, instance:firstProgramPackage.TestNGProgram@70e9c95d]" started-at="2026-01-06T20:51:19 IST" name="testNGMethod" finished-at="2026-01-06T20:51:19 IST" duration-ms="12" status="PASS">
          <reporter-output>
          </reporter-output>
        </test-method> <!-- testNGMethod -->
      </class> <!-- firstProgramPackage.TestNGProgram -->
    </test> <!-- Default test -->
  </suite> <!-- Default suite -->
</testng-results>
