<?xml version="1.0" encoding="UTF-8"?>
<testng-results ignored="0" total="2" passed="2" failed="0" skipped="0">
  <reporter-output>
  </reporter-output>
  <suite started-at="2026-01-07T11:12:52 IST" name="Default suite" finished-at="2026-01-07T11:12:52 IST" duration-ms="190">
    <groups>
    </groups>
    <test started-at="2026-01-07T11:12:52 IST" name="Default test" finished-at="2026-01-07T11:12:52 IST" duration-ms="190">
      <class name="testNGAnnotations.BeforeMethod_AfterMethod">
        <test-method is-config="true" signature="beforeMethod()[pri:0, instance:testNGAnnotations.BeforeMethod_AfterMethod@4686afc2]" started-at="2026-01-07T11:12:52 IST" name="beforeMethod" finished-at="2026-01-07T11:12:52 IST" duration-ms="16" status="PASS">
          <reporter-output>
          </reporter-output>
        </test-method> <!-- beforeMethod -->
        <test-method signature="mainMethod()[pri:0, instance:testNGAnnotations.BeforeMethod_AfterMethod@4686afc2]" started-at="2026-01-07T11:12:52 IST" name="mainMethod" finished-at="2026-01-07T11:12:52 IST" duration-ms="10" status="PASS">
          <reporter-output>
          </reporter-output>
        </test-method> <!-- mainMethod -->
        <test-method is-config="true" signature="afterMethod()[pri:0, instance:testNGAnnotations.BeforeMethod_AfterMethod@4686afc2]" started-at="2026-01-07T11:12:52 IST" name="afterMethod" finished-at="2026-01-07T11:12:52 IST" duration-ms="0" status="PASS">
          <reporter-output>
          </reporter-output>
        </test-method> <!-- afterMethod -->
        <test-method is-config="true" signature="beforeMethod()[pri:0, instance:testNGAnnotations.BeforeMethod_AfterMethod@4686afc2]" started-at="2026-01-07T11:12:52 IST" name="beforeMethod" finished-at="2026-01-07T11:12:52 IST" duration-ms="3" status="PASS">
          <reporter-output>
          </reporter-output>
        </test-method> <!-- beforeMethod -->
        <test-method signature="testMethod()[pri:0, instance:testNGAnnotations.BeforeMethod_AfterMethod@4686afc2]" started-at="2026-01-07T11:12:52 IST" name="testMethod" finished-at="2026-01-07T11:12:52 IST" duration-ms="8" status="PASS">
          <reporter-output>
          </reporter-output>
        </test-method> <!-- testMethod -->
        <test-method is-config="true" signature="afterMethod()[pri:0, instance:testNGAnnotations.BeforeMethod_AfterMethod@4686afc2]" started-at="2026-01-07T11:12:52 IST" name="afterMethod" finished-at="2026-01-07T11:12:52 IST" duration-ms="2" status="PASS">
          <reporter-output>
          </reporter-output>
        </test-method> <!-- afterMethod -->
      </class> <!-- testNGAnnotations.BeforeMethod_AfterMethod -->
    </test> <!-- Default test -->
  </suite> <!-- Default suite -->
</testng-results>
