<?xml version="1.0" encoding="UTF-8"?>
<testng-results ignored="0" total="1" passed="0" failed="1" skipped="0">
  <reporter-output>
  </reporter-output>
  <suite started-at="2026-01-12T13:39:52 IST" name="Default suite" finished-at="2026-01-12T13:39:52 IST" duration-ms="272">
    <groups>
    </groups>
    <test started-at="2026-01-12T13:39:52 IST" name="Default test" finished-at="2026-01-12T13:39:52 IST" duration-ms="272">
      <class name="testNGAttributes.Attribute_Timeout">
        <test-method signature="timeoutDemo()[pri:0, instance:testNGAttributes.Attribute_Timeout@70e9c95d]" started-at="2026-01-12T13:39:52 IST" name="timeoutDemo" finished-at="2026-01-12T13:39:52 IST" duration-ms="143" status="FAIL">
          <exception class="org.testng.internal.thread.ThreadTimeoutException">
            <message>
              <![CDATA[Method testNGAttributes.Attribute_Timeout.timeoutDemo() didn't finish within the time-out 100]]>
            </message>
            <full-stacktrace>
              <![CDATA[org.testng.internal.thread.ThreadTimeoutException: Method testNGAttributes.Attribute_Timeout.timeoutDemo() didn't finish within the time-out 100
at java.base@11.0.21/java.lang.Thread.sleep(Native Method)
at app//testNGAttributes.Attribute_Timeout.timeoutDemo(Attribute_Timeout.java:10)
at java.base@11.0.21/jdk.internal.reflect.NativeMethodAccessorImpl.invoke0(Native Method)
at java.base@11.0.21/jdk.internal.reflect.NativeMethodAccessorImpl.invoke(NativeMethodAccessorImpl.java:62)
at java.base@11.0.21/jdk.internal.reflect.DelegatingMethodAccessorImpl.invoke(DelegatingMethodAccessorImpl.java:43)
at java.base@11.0.21/java.lang.reflect.Method.invoke(Method.java:566)
at app//org.testng.internal.invokers.MethodInvocationHelper.invokeMethod(MethodInvocationHelper.java:141)
at app//org.testng.internal.invokers.InvokeMethodRunnable.runOne(InvokeMethodRunnable.java:47)
at app//org.testng.internal.invokers.InvokeMethodRunnable.call(InvokeMethodRunnable.java:76)
at app//org.testng.internal.invokers.InvokeMethodRunnable.call(InvokeMethodRunnable.java:11)
at java.base@11.0.21/java.util.concurrent.FutureTask.run(FutureTask.java:264)
at java.base@11.0.21/java.util.concurrent.ThreadPoolExecutor.runWorker(ThreadPoolExecutor.java:1128)
at java.base@11.0.21/java.util.concurrent.ThreadPoolExecutor$Worker.run(ThreadPoolExecutor.java:628)
at java.base@11.0.21/java.lang.Thread.run(Thread.java:829)
]]>
            </full-stacktrace>
          </exception> <!-- org.testng.internal.thread.ThreadTimeoutException -->
          <reporter-output>
          </reporter-output>
        </test-method> <!-- timeoutDemo -->
      </class> <!-- testNGAttributes.Attribute_Timeout -->
    </test> <!-- Default test -->
  </suite> <!-- Default suite -->
</testng-results>
