<?xml version="1.0" encoding="UTF-8"?>
<testng-results ignored="0" total="15" passed="15" failed="0" skipped="0">
  <reporter-output>
  </reporter-output>
  <suite started-at="2026-01-13T14:05:25 IST" name="Suite" finished-at="2026-01-13T14:05:25 IST" duration-ms="267">
    <groups>
    </groups>
    <test started-at="2026-01-13T14:05:25 IST" name="Test" finished-at="2026-01-13T14:05:25 IST" duration-ms="267">
      <class name="parallelExecution.ParallelExecution">
        <test-method signature="parallelExec1()[pri:0, instance:parallelExecution.ParallelExecution@e350b40]" started-at="2026-01-13T14:05:25 IST" name="parallelExec1" finished-at="2026-01-13T14:05:25 IST" duration-ms="7" status="PASS">
          <reporter-output>
          </reporter-output>
        </test-method> <!-- parallelExec1 -->
        <test-method signature="parallelExec3()[pri:0, instance:parallelExecution.ParallelExecution@e350b40]" started-at="2026-01-13T14:05:25 IST" name="parallelExec3" finished-at="2026-01-13T14:05:25 IST" duration-ms="26" status="PASS">
          <reporter-output>
          </reporter-output>
        </test-method> <!-- parallelExec3 -->
        <test-method signature="parallelExec2()[pri:0, instance:parallelExecution.ParallelExecution@e350b40]" started-at="2026-01-13T14:05:25 IST" name="parallelExec2" finished-at="2026-01-13T14:05:25 IST" duration-ms="19" status="PASS">
          <reporter-output>
          </reporter-output>
        </test-method> <!-- parallelExec2 -->
        <test-method signature="parallelExec4()[pri:0, instance:parallelExecution.ParallelExecution@e350b40]" started-at="2026-01-13T14:05:25 IST" name="parallelExec4" finished-at="2026-01-13T14:05:25 IST" duration-ms="12" status="PASS">
          <reporter-output>
          </reporter-output>
        </test-method> <!-- parallelExec4 -->
        <test-method signature="parallelExec5()[pri:0, instance:parallelExecution.ParallelExecution@e350b40]" started-at="2026-01-13T14:05:25 IST" name="parallelExec5" finished-at="2026-01-13T14:05:25 IST" duration-ms="26" status="PASS">
          <reporter-output>
          </reporter-output>
        </test-method> <!-- parallelExec5 -->
      </class> <!-- parallelExecution.ParallelExecution -->
      <class name="parallelExecution.ParallelExecution3">
        <test-method signature="parallelExec2()[pri:0, instance:parallelExecution.ParallelExecution3@3012646b]" started-at="2026-01-13T14:05:25 IST" name="parallelExec2" finished-at="2026-01-13T14:05:25 IST" duration-ms="22" status="PASS">
          <reporter-output>
          </reporter-output>
        </test-method> <!-- parallelExec2 -->
        <test-method signature="parallelExec1()[pri:0, instance:parallelExecution.ParallelExecution3@3012646b]" started-at="2026-01-13T14:05:25 IST" name="parallelExec1" finished-at="2026-01-13T14:05:25 IST" duration-ms="20" status="PASS">
          <reporter-output>
          </reporter-output>
        </test-method> <!-- parallelExec1 -->
        <test-method signature="parallelExec5()[pri:0, instance:parallelExecution.ParallelExecution3@3012646b]" started-at="2026-01-13T14:05:25 IST" name="parallelExec5" finished-at="2026-01-13T14:05:25 IST" duration-ms="23" status="PASS">
          <reporter-output>
          </reporter-output>
        </test-method> <!-- parallelExec5 -->
        <test-method signature="parallelExec4()[pri:0, instance:parallelExecution.ParallelExecution3@3012646b]" started-at="2026-01-13T14:05:25 IST" name="parallelExec4" finished-at="2026-01-13T14:05:25 IST" duration-ms="21" status="PASS">
          <reporter-output>
          </reporter-output>
        </test-method> <!-- parallelExec4 -->
        <test-method signature="parallelExec3()[pri:0, instance:parallelExecution.ParallelExecution3@3012646b]" started-at="2026-01-13T14:05:25 IST" name="parallelExec3" finished-at="2026-01-13T14:05:25 IST" duration-ms="22" status="PASS">
          <reporter-output>
          </reporter-output>
        </test-method> <!-- parallelExec3 -->
      </class> <!-- parallelExecution.ParallelExecution3 -->
      <class name="parallelExecution.ParallelExecution2">
        <test-method signature="parallelExec1()[pri:0, instance:parallelExecution.ParallelExecution2@f09733f]" started-at="2026-01-13T14:05:25 IST" name="parallelExec1" finished-at="2026-01-13T14:05:25 IST" duration-ms="26" status="PASS">
          <reporter-output>
          </reporter-output>
        </test-method> <!-- parallelExec1 -->
        <test-method signature="parallelExec2()[pri:0, instance:parallelExecution.ParallelExecution2@f09733f]" started-at="2026-01-13T14:05:25 IST" name="parallelExec2" finished-at="2026-01-13T14:05:25 IST" duration-ms="15" status="PASS">
          <reporter-output>
          </reporter-output>
        </test-method> <!-- parallelExec2 -->
        <test-method signature="parallelExec3()[pri:0, instance:parallelExecution.ParallelExecution2@f09733f]" started-at="2026-01-13T14:05:25 IST" name="parallelExec3" finished-at="2026-01-13T14:05:25 IST" duration-ms="4" status="PASS">
          <reporter-output>
          </reporter-output>
        </test-method> <!-- parallelExec3 -->
        <test-method signature="parallelExec4()[pri:0, instance:parallelExecution.ParallelExecution2@f09733f]" started-at="2026-01-13T14:05:25 IST" name="parallelExec4" finished-at="2026-01-13T14:05:25 IST" duration-ms="26" status="PASS">
          <reporter-output>
          </reporter-output>
        </test-method> <!-- parallelExec4 -->
        <test-method signature="parallelExec5()[pri:0, instance:parallelExecution.ParallelExecution2@f09733f]" started-at="2026-01-13T14:05:25 IST" name="parallelExec5" finished-at="2026-01-13T14:05:25 IST" duration-ms="10" status="PASS">
          <reporter-output>
          </reporter-output>
        </test-method> <!-- parallelExec5 -->
      </class> <!-- parallelExecution.ParallelExecution2 -->
    </test> <!-- Test -->
  </suite> <!-- Suite -->
</testng-results>
