<?xml version="1.0" encoding="UTF-8"?>
<testng-results ignored="2" total="6" passed="4" failed="0" skipped="0">
  <reporter-output>
  </reporter-output>
  <suite started-at="2026-01-12T20:56:13 IST" name="Suite" finished-at="2026-01-12T20:56:14 IST" duration-ms="139">
    <groups>
      <group name="functional">
        <method signature="GroupTest.testMethod2()[pri:0, instance:testNGAttributes.GroupTest@4d154ccd]" name="testMethod2" class="testNGAttributes.GroupTest"/>
        <method signature="GroupTest.testMethod3()[pri:0, instance:testNGAttributes.GroupTest@4d154ccd]" name="testMethod3" class="testNGAttributes.GroupTest"/>
        <method signature="GroupTest.testMethod5()[pri:0, instance:testNGAttributes.GroupTest@4d154ccd]" name="testMethod5" class="testNGAttributes.GroupTest"/>
        <method signature="GroupTest.testMethod6()[pri:0, instance:testNGAttributes.GroupTest@4d154ccd]" name="testMethod6" class="testNGAttributes.GroupTest"/>
      </group> <!-- functional -->
      <group name="smoke">
        <method signature="GroupTest.testMethod3()[pri:0, instance:testNGAttributes.GroupTest@4d154ccd]" name="testMethod3" class="testNGAttributes.GroupTest"/>
        <method signature="GroupTest.testMethod5()[pri:0, instance:testNGAttributes.GroupTest@4d154ccd]" name="testMethod5" class="testNGAttributes.GroupTest"/>
      </group> <!-- smoke -->
      <group name="sanity">
        <method signature="GroupTest.testMethod5()[pri:0, instance:testNGAttributes.GroupTest@4d154ccd]" name="testMethod5" class="testNGAttributes.GroupTest"/>
        <method signature="GroupTest.testMethod6()[pri:0, instance:testNGAttributes.GroupTest@4d154ccd]" name="testMethod6" class="testNGAttributes.GroupTest"/>
      </group> <!-- sanity -->
    </groups>
    <test started-at="2026-01-12T20:56:13 IST" name="Test" finished-at="2026-01-12T20:56:14 IST" duration-ms="139">
      <class name="testNGAttributes.GroupTest">
        <test-method signature="testMethod2()[pri:0, instance:testNGAttributes.GroupTest@4d154ccd]" started-at="2026-01-12T20:56:14 IST" name="testMethod2" finished-at="2026-01-12T20:56:14 IST" duration-ms="20" status="PASS">
          <reporter-output>
          </reporter-output>
        </test-method> <!-- testMethod2 -->
        <test-method signature="testMethod3()[pri:0, instance:testNGAttributes.GroupTest@4d154ccd]" started-at="2026-01-12T20:56:14 IST" name="testMethod3" finished-at="2026-01-12T20:56:14 IST" duration-ms="2" status="PASS">
          <reporter-output>
          </reporter-output>
        </test-method> <!-- testMethod3 -->
        <test-method signature="testMethod5()[pri:0, instance:testNGAttributes.GroupTest@4d154ccd]" started-at="2026-01-12T20:56:14 IST" name="testMethod5" finished-at="2026-01-12T20:56:14 IST" duration-ms="2" status="PASS">
          <reporter-output>
          </reporter-output>
        </test-method> <!-- testMethod5 -->
        <test-method signature="testMethod6()[pri:0, instance:testNGAttributes.GroupTest@4d154ccd]" started-at="2026-01-12T20:56:14 IST" name="testMethod6" finished-at="2026-01-12T20:56:14 IST" duration-ms="1" status="PASS">
          <reporter-output>
          </reporter-output>
        </test-method> <!-- testMethod6 -->
      </class> <!-- testNGAttributes.GroupTest -->
    </test> <!-- Test -->
  </suite> <!-- Suite -->
</testng-results>
