<?xml version="1.0" encoding="UTF-8"?>
<testng-results ignored="0" total="6" passed="6" failed="0" skipped="0">
  <reporter-output>
  </reporter-output>
  <suite started-at="2026-01-11T20:47:25 IST" name="Default suite" finished-at="2026-01-11T20:47:25 IST" duration-ms="195">
    <groups>
    </groups>
    <test started-at="2026-01-11T20:47:25 IST" name="Default test" finished-at="2026-01-11T20:47:25 IST" duration-ms="195">
      <class name="testNGAnnotations.DataProviderDemo2">
        <test-method signature="dataProviderLogin(java.lang.String,java.lang.String)[pri:0, instance:testNGAnnotations.DataProviderDemo2@4d5650ae]" started-at="2026-01-11T20:47:25 IST" name="dataProviderLogin" data-provider="LoginMethod" finished-at="2026-01-11T20:47:25 IST" duration-ms="11" status="PASS">
          <params>
            <param index="0">
              <value>
                <![CDATA[user1]]>
              </value>
            </param>
            <param index="1">
              <value>
                <![CDATA[password1]]>
              </value>
            </param>
          </params>
          <reporter-output>
          </reporter-output>
        </test-method> <!-- dataProviderLogin -->
        <test-method signature="dataProviderLogin(java.lang.String,java.lang.String)[pri:0, instance:testNGAnnotations.DataProviderDemo2@4d5650ae]" started-at="2026-01-11T20:47:25 IST" name="dataProviderLogin" data-provider="LoginMethod" finished-at="2026-01-11T20:47:25 IST" duration-ms="3" status="PASS">
          <params>
            <param index="0">
              <value>
                <![CDATA[user2]]>
              </value>
            </param>
            <param index="1">
              <value>
                <![CDATA[password2]]>
              </value>
            </param>
          </params>
          <reporter-output>
          </reporter-output>
        </test-method> <!-- dataProviderLogin -->
        <test-method signature="dataProviderLogin(java.lang.String,java.lang.String)[pri:0, instance:testNGAnnotations.DataProviderDemo2@4d5650ae]" started-at="2026-01-11T20:47:25 IST" name="dataProviderLogin" data-provider="LoginMethod" finished-at="2026-01-11T20:47:25 IST" duration-ms="7" status="PASS">
          <params>
            <param index="0">
              <value>
                <![CDATA[user3]]>
              </value>
            </param>
            <param index="1">
              <value>
                <![CDATA[password3]]>
              </value>
            </param>
          </params>
          <reporter-output>
          </reporter-output>
        </test-method> <!-- dataProviderLogin -->
        <test-method signature="dataProviderProfile(java.lang.String,java.lang.String,java.lang.String)[pri:0, instance:testNGAnnotations.DataProviderDemo2@4d5650ae]" started-at="2026-01-11T20:47:25 IST" name="dataProviderProfile" data-provider="ProfileMethod" finished-at="2026-01-11T20:47:25 IST" duration-ms="5" status="PASS">
          <params>
            <param index="0">
              <value>
                <![CDATA[name1]]>
              </value>
            </param>
            <param index="1">
              <value>
                <![CDATA[email1]]>
              </value>
            </param>
            <param index="2">
              <value>
                <![CDATA[address1]]>
              </value>
            </param>
          </params>
          <reporter-output>
          </reporter-output>
        </test-method> <!-- dataProviderProfile -->
        <test-method signature="dataProviderProfile(java.lang.String,java.lang.String,java.lang.String)[pri:0, instance:testNGAnnotations.DataProviderDemo2@4d5650ae]" started-at="2026-01-11T20:47:25 IST" name="dataProviderProfile" data-provider="ProfileMethod" finished-at="2026-01-11T20:47:25 IST" duration-ms="5" status="PASS">
          <params>
            <param index="0">
              <value>
                <![CDATA[name2]]>
              </value>
            </param>
            <param index="1">
              <value>
                <![CDATA[email2]]>
              </value>
            </param>
            <param index="2">
              <value>
                <![CDATA[address2]]>
              </value>
            </param>
          </params>
          <reporter-output>
          </reporter-output>
        </test-method> <!-- dataProviderProfile -->
        <test-method signature="dataProviderProfile(java.lang.String,java.lang.String,java.lang.String)[pri:0, instance:testNGAnnotations.DataProviderDemo2@4d5650ae]" started-at="2026-01-11T20:47:25 IST" name="dataProviderProfile" data-provider="ProfileMethod" finished-at="2026-01-11T20:47:25 IST" duration-ms="3" status="PASS">
          <params>
            <param index="0">
              <value>
                <![CDATA[name3]]>
              </value>
            </param>
            <param index="1">
              <value>
                <![CDATA[email3]]>
              </value>
            </param>
            <param index="2">
              <value>
                <![CDATA[address3]]>
              </value>
            </param>
          </params>
          <reporter-output>
          </reporter-output>
        </test-method> <!-- dataProviderProfile -->
      </class> <!-- testNGAnnotations.DataProviderDemo2 -->
    </test> <!-- Default test -->
  </suite> <!-- Default suite -->
</testng-results>
