<?xml version="1.0" encoding="UTF-8"?>
<testng-results ignored="0" total="5" passed="5" failed="0" skipped="0">
  <reporter-output>
  </reporter-output>
  <suite started-at="2026-01-12T11:32:49 IST" name="Default suite" finished-at="2026-01-12T11:32:49 IST" duration-ms="238">
    <groups>
    </groups>
    <test started-at="2026-01-12T11:32:49 IST" name="Default test" finished-at="2026-01-12T11:32:49 IST" duration-ms="238">
      <class name="testNGAttributes.PriorityExample2">
        <test-method signature="paymentPage()[pri:-5, instance:testNGAttributes.PriorityExample2@51c668e3]" started-at="2026-01-12T11:32:49 IST" name="paymentPage" finished-at="2026-01-12T11:32:49 IST" duration-ms="15" status="PASS">
          <reporter-output>
          </reporter-output>
        </test-method> <!-- paymentPage -->
        <test-method signature="checkoutPage()[pri:-4, instance:testNGAttributes.PriorityExample2@51c668e3]" started-at="2026-01-12T11:32:49 IST" name="checkoutPage" finished-at="2026-01-12T11:32:49 IST" duration-ms="3" status="PASS">
          <reporter-output>
          </reporter-output>
        </test-method> <!-- checkoutPage -->
        <test-method signature="productPage()[pri:-2, instance:testNGAttributes.PriorityExample2@51c668e3]" started-at="2026-01-12T11:32:49 IST" name="productPage" finished-at="2026-01-12T11:32:49 IST" duration-ms="4" status="PASS">
          <reporter-output>
          </reporter-output>
        </test-method> <!-- productPage -->
        <test-method signature="cartPage()[pri:-1, instance:testNGAttributes.PriorityExample2@51c668e3]" started-at="2026-01-12T11:32:49 IST" name="cartPage" finished-at="2026-01-12T11:32:49 IST" duration-ms="8" status="PASS">
          <reporter-output>
          </reporter-output>
        </test-method> <!-- cartPage -->
        <test-method signature="loginPage()[pri:3, instance:testNGAttributes.PriorityExample2@51c668e3]" started-at="2026-01-12T11:32:49 IST" name="loginPage" finished-at="2026-01-12T11:32:49 IST" duration-ms="9" status="PASS">
          <reporter-output>
          </reporter-output>
        </test-method> <!-- loginPage -->
      </class> <!-- testNGAttributes.PriorityExample2 -->
    </test> <!-- Default test -->
  </suite> <!-- Default suite -->
</testng-results>
