<?xml version="1.0" encoding="UTF-8"?>
<testng-results ignored="3" total="7" passed="4" failed="0" skipped="0">
  <reporter-output>
  </reporter-output>
  <suite started-at="2026-01-12T10:36:20 IST" name="Default suite" finished-at="2026-01-12T10:36:20 IST" duration-ms="261">
    <groups>
    </groups>
    <test started-at="2026-01-12T10:36:20 IST" name="Default test" finished-at="2026-01-12T10:36:20 IST" duration-ms="261">
      <class name="testNGAnnotations.DataProviderReturnType">
        <test-method signature="iteratorArrayObjectDemo([Ljava.lang.String;)[pri:0, instance:testNGAnnotations.DataProviderReturnType@1a942c18]" started-at="2026-01-12T10:36:20 IST" name="iteratorArrayObjectDemo" data-provider="iteratorarrayDemo" finished-at="2026-01-12T10:36:20 IST" duration-ms="19" status="PASS">
          <params>
            <param index="0">
              <value>
                <![CDATA[[Ljava.lang.String;@2ca923bb]]>
              </value>
            </param>
          </params>
          <reporter-output>
          </reporter-output>
        </test-method> <!-- iteratorArrayObjectDemo -->
        <test-method signature="iteratorArrayObjectDemo([Ljava.lang.String;)[pri:0, instance:testNGAnnotations.DataProviderReturnType@1a942c18]" started-at="2026-01-12T10:36:20 IST" name="iteratorArrayObjectDemo" data-provider="iteratorarrayDemo" finished-at="2026-01-12T10:36:20 IST" duration-ms="6" status="PASS">
          <params>
            <param index="0">
              <value>
                <![CDATA[[Ljava.lang.String;@13df2a8c]]>
              </value>
            </param>
          </params>
          <reporter-output>
          </reporter-output>
        </test-method> <!-- iteratorArrayObjectDemo -->
        <test-method signature="iteratorArrayObjectDemo([Ljava.lang.String;)[pri:0, instance:testNGAnnotations.DataProviderReturnType@1a942c18]" started-at="2026-01-12T10:36:20 IST" name="iteratorArrayObjectDemo" data-provider="iteratorarrayDemo" finished-at="2026-01-12T10:36:20 IST" duration-ms="6" status="PASS">
          <params>
            <param index="0">
              <value>
                <![CDATA[[Ljava.lang.String;@4808bc9b]]>
              </value>
            </param>
          </params>
          <reporter-output>
          </reporter-output>
        </test-method> <!-- iteratorArrayObjectDemo -->
        <test-method signature="iteratorArrayObjectDemo([Ljava.lang.String;)[pri:0, instance:testNGAnnotations.DataProviderReturnType@1a942c18]" started-at="2026-01-12T10:36:20 IST" name="iteratorArrayObjectDemo" data-provider="iteratorarrayDemo" finished-at="2026-01-12T10:36:20 IST" duration-ms="12" status="PASS">
          <params>
            <param index="0">
              <value>
                <![CDATA[[Ljava.lang.String;@70e38ce1]]>
              </value>
            </param>
          </params>
          <reporter-output>
          </reporter-output>
        </test-method> <!-- iteratorArrayObjectDemo -->
      </class> <!-- testNGAnnotations.DataProviderReturnType -->
    </test> <!-- Default test -->
  </suite> <!-- Default suite -->
</testng-results>
