<?xml version="1.0" encoding="UTF-8"?>
<testng-results ignored="1" total="4" passed="3" failed="0" skipped="0">
  <reporter-output>
  </reporter-output>
  <suite started-at="2026-01-11T21:18:22 IST" name="Default suite" finished-at="2026-01-11T21:18:23 IST" duration-ms="127">
    <groups>
    </groups>
    <test started-at="2026-01-11T21:18:22 IST" name="Default test" finished-at="2026-01-11T21:18:23 IST" duration-ms="127">
      <class name="testNGAnnotations.DataProviderReturnType">
        <test-method signature="loginDataProvider(java.lang.String,java.lang.String)[pri:0, instance:testNGAnnotations.DataProviderReturnType@60099951]" started-at="2026-01-11T21:18:23 IST" name="loginDataProvider" data-provider="MultiData" finished-at="2026-01-11T21:18:23 IST" duration-ms="9" status="PASS">
          <params>
            <param index="0">
              <value>
                <![CDATA[user1]]>
              </value>
            </param>
            <param index="1">
              <value>
                <![CDATA[password1]]>
              </value>
            </param>
          </params>
          <reporter-output>
          </reporter-output>
        </test-method> <!-- loginDataProvider -->
        <test-method signature="loginDataProvider(java.lang.String,java.lang.String)[pri:0, instance:testNGAnnotations.DataProviderReturnType@60099951]" started-at="2026-01-11T21:18:23 IST" name="loginDataProvider" data-provider="MultiData" finished-at="2026-01-11T21:18:23 IST" duration-ms="4" status="PASS">
          <params>
            <param index="0">
              <value>
                <![CDATA[user2]]>
              </value>
            </param>
            <param index="1">
              <value>
                <![CDATA[password2]]>
              </value>
            </param>
          </params>
          <reporter-output>
          </reporter-output>
        </test-method> <!-- loginDataProvider -->
        <test-method signature="loginDataProvider(java.lang.String,java.lang.String)[pri:0, instance:testNGAnnotations.DataProviderReturnType@60099951]" started-at="2026-01-11T21:18:23 IST" name="loginDataProvider" data-provider="MultiData" finished-at="2026-01-11T21:18:23 IST" duration-ms="3" status="PASS">
          <params>
            <param index="0">
              <value>
                <![CDATA[user3]]>
              </value>
            </param>
            <param index="1">
              <value>
                <![CDATA[password3]]>
              </value>
            </param>
          </params>
          <reporter-output>
          </reporter-output>
        </test-method> <!-- loginDataProvider -->
      </class> <!-- testNGAnnotations.DataProviderReturnType -->
    </test> <!-- Default test -->
  </suite> <!-- Default suite -->
</testng-results>
