<?xml version="1.0" encoding="UTF-8"?>
<testng-results ignored="0" total="1" passed="1" failed="0" skipped="0">
  <reporter-output>
  </reporter-output>
  <suite started-at="2026-01-13T11:53:13 IST" name="Default suite" finished-at="2026-01-13T11:53:13 IST" duration-ms="190">
    <groups>
    </groups>
    <test started-at="2026-01-13T11:53:13 IST" name="Default test" finished-at="2026-01-13T11:53:13 IST" duration-ms="190">
      <class name="testNGAttributes.Attribute_Description">
        <test-method signature="descriptionMethod()[pri:0, instance:testNGAttributes.Attribute_Description@534a5a98]" started-at="2026-01-13T11:53:13 IST" name="descriptionMethod" description="This method give description" finished-at="2026-01-13T11:53:13 IST" duration-ms="23" status="PASS">
          <reporter-output>
          </reporter-output>
        </test-method> <!-- descriptionMethod -->
      </class> <!-- testNGAttributes.Attribute_Description -->
    </test> <!-- Default test -->
  </suite> <!-- Default suite -->
</testng-results>
