<?xml version="1.0" encoding="UTF-8"?>
<!-- Generated by org.testng.reporters.JUnitXMLReporter -->
<testsuite ignored="3" hostname="DESKTOP-IVCEMNE" failures="0" tests="4" name="Default test" time="0.261" errors="0" timestamp="2026-01-12T10:36:20 IST">
  <testcase classname="testNGAnnotations.DataProviderReturnType" name="iteratorArrayObjectDemo" time="0.019"/>
  <testcase classname="testNGAnnotations.DataProviderReturnType" name="iteratorArrayObjectDemo" time="0.006"/>
  <testcase classname="testNGAnnotations.DataProviderReturnType" name="iteratorArrayObjectDemo" time="0.006"/>
  <testcase classname="testNGAnnotations.DataProviderReturnType" name="iteratorArrayObjectDemo" time="0.012"/>
  <testcase classname="testNGAnnotations.DataProviderReturnType" name="loginData" time="0.0">
    <ignored/>
  </testcase> <!-- loginData -->
  <testcase classname="testNGAnnotations.DataProviderReturnType" name="loginDataProvider" time="0.0">
    <ignored/>
  </testcase> <!-- loginDataProvider -->
  <testcase classname="testNGAnnotations.DataProviderReturnType" name="iteratorMethod" time="0.0">
    <ignored/>
  </testcase> <!-- iteratorMethod -->
</testsuite> <!-- Default test -->
