<?xml version="1.0" encoding="UTF-8"?>
<!-- Generated by org.testng.reporters.JUnitXMLReporter -->
<testsuite ignored="0" hostname="DESKTOP-IVCEMNE" failures="0" tests="6" name="Default test" time="0.456" errors="0" timestamp="2026-01-12T11:00:55 IST">
  <testcase classname="testNGAnnotations.DataProvider_ParallelExecution" name="loginData" time="0.054"/>
  <testcase classname="testNGAnnotations.DataProvider_ParallelExecution" name="loginData" time="0.083"/>
  <testcase classname="testNGAnnotations.DataProvider_ParallelExecution" name="loginData" time="0.07"/>
  <testcase classname="testNGAnnotations.DataProvider_ParallelExecution" name="loginData" time="0.087"/>
  <testcase classname="testNGAnnotations.DataProvider_ParallelExecution" name="loginData" time="0.036"/>
  <testcase classname="testNGAnnotations.DataProvider_ParallelExecution" name="loginData" time="0.061"/>
</testsuite> <!-- Default test -->
