<?xml version="1.0" encoding="UTF-8"?>
<!-- Generated by org.testng.reporters.JUnitReportReporter -->
<testsuite hostname="DESKTOP-IVCEMNE" failures="0" tests="3" name="testNGParameters.TwoParameters" time="0.017" errors="0" timestamp="2026-01-13T13:00:41 IST" skipped="0">
  <testcase classname="testNGParameters.TwoParameters" name="testMethod1" time="0.005"/>
  <testcase classname="testNGParameters.TwoParameters" name="testMethod1" time="0.002"/>
  <testcase classname="testNGParameters.TwoParameters" name="testMethod1" time="0.010"/>
</testsuite> <!-- testNGParameters.TwoParameters -->
