<?xml version="1.0" encoding="UTF-8"?>
<!-- Generated by org.testng.reporters.JUnitReportReporter -->
<testsuite hostname="DESKTOP-IVCEMNE" failures="0" tests="6" name="testNGAttributes.Attribute_Enabled" time="0.047" errors="0" timestamp="2026-01-12T13:34:47 IST" skipped="0">
  <testcase classname="testNGAttributes.Attribute_Enabled" name="loginData" time="0.009"/>
  <testcase classname="testNGAttributes.Attribute_Enabled" name="loginData" time="0.013"/>
  <testcase classname="testNGAttributes.Attribute_Enabled" name="loginDataDemo" time="0.006"/>
  <testcase classname="testNGAttributes.Attribute_Enabled" name="loginDataDemo" time="0.004"/>
  <testcase classname="testNGAttributes.Attribute_Enabled" name="loginDataDemo" time="0.006"/>
  <testcase classname="testNGAttributes.Attribute_Enabled" name="loginData" time="0.009"/>
</testsuite> <!-- testNGAttributes.Attribute_Enabled -->
