<?xml version="1.0" encoding="UTF-8"?>
<!-- Generated by org.testng.reporters.JUnitReportReporter -->
<testsuite hostname="DESKTOP-IVCEMNE" failures="0" tests="3" name="testNGAnnotations.DataProviderReturnType" time="0.016" errors="0" timestamp="2026-01-11T21:18:23 IST" skipped="0">
  <testcase classname="testNGAnnotations.DataProviderReturnType" name="loginDataProvider" time="0.003"/>
  <testcase classname="testNGAnnotations.DataProviderReturnType" name="loginDataProvider" time="0.004"/>
  <testcase classname="testNGAnnotations.DataProviderReturnType" name="loginDataProvider" time="0.009"/>
</testsuite> <!-- testNGAnnotations.DataProviderReturnType -->
