<?xml version="1.0" encoding="UTF-8"?>
<!-- Generated by org.testng.reporters.JUnitReportReporter -->
<testsuite hostname="DESKTOP-IVCEMNE" failures="0" tests="5" name="parallelExecution.ParallelExecution" time="0.090" errors="0" timestamp="2026-01-13T14:05:26 IST" skipped="0">
  <testcase classname="parallelExecution.ParallelExecution" name="parallelExec5" time="0.026"/>
  <testcase classname="parallelExecution.ParallelExecution" name="parallelExec2" time="0.019"/>
  <testcase classname="parallelExecution.ParallelExecution" name="parallelExec4" time="0.012"/>
  <testcase classname="parallelExecution.ParallelExecution" name="parallelExec1" time="0.007"/>
  <testcase classname="parallelExecution.ParallelExecution" name="parallelExec3" time="0.026"/>
</testsuite> <!-- parallelExecution.ParallelExecution -->
