<?xml version="1.0" encoding="UTF-8"?>
<!-- Generated by org.testng.reporters.JUnitReportReporter -->
<testsuite hostname="DESKTOP-IVCEMNE" failures="0" tests="5" name="testNGParameters.ParallelExecution" time="0.119" errors="0" timestamp="2026-01-13T14:00:40 IST" skipped="0">
  <testcase classname="testNGParameters.ParallelExecution" name="parallelExec2" time="0.025"/>
  <testcase classname="testNGParameters.ParallelExecution" name="parallelExec3" time="0.028"/>
  <testcase classname="testNGParameters.ParallelExecution" name="parallelExec4" time="0.022"/>
  <testcase classname="testNGParameters.ParallelExecution" name="parallelExec1" time="0.027"/>
  <testcase classname="testNGParameters.ParallelExecution" name="parallelExec5" time="0.017"/>
</testsuite> <!-- testNGParameters.ParallelExecution -->
