<?xml version="1.0" encoding="UTF-8"?>
<!-- Generated by org.testng.reporters.JUnitReportReporter -->
<testsuite hostname="DESKTOP-IVCEMNE" failures="0" tests="5" name="testNGAttributes.PriorityExample" time="0.038" errors="0" timestamp="2026-01-12T11:30:31 IST" skipped="0">
  <testcase classname="testNGAttributes.PriorityExample" name="productPage" time="0.021"/>
  <testcase classname="testNGAttributes.PriorityExample" name="cartPage" time="0.004"/>
  <testcase classname="testNGAttributes.PriorityExample" name="checkoutPage" time="0.006"/>
  <testcase classname="testNGAttributes.PriorityExample" name="paymentPage" time="0.003"/>
  <testcase classname="testNGAttributes.PriorityExample" name="loginPage" time="0.004"/>
</testsuite> <!-- testNGAttributes.PriorityExample -->
