<?xml version="1.0" encoding="UTF-8"?>
<!-- Generated by org.testng.reporters.JUnitReportReporter -->
<testsuite hostname="DESKTOP-IVCEMNE" failures="0" tests="5" name="testNGAttributes.PriorityExample2" time="0.039" errors="0" timestamp="2026-01-12T11:32:50 IST" skipped="0">
  <testcase classname="testNGAttributes.PriorityExample2" name="paymentPage" time="0.015"/>
  <testcase classname="testNGAttributes.PriorityExample2" name="checkoutPage" time="0.003"/>
  <testcase classname="testNGAttributes.PriorityExample2" name="productPage" time="0.004"/>
  <testcase classname="testNGAttributes.PriorityExample2" name="cartPage" time="0.008"/>
  <testcase classname="testNGAttributes.PriorityExample2" name="loginPage" time="0.009"/>
</testsuite> <!-- testNGAttributes.PriorityExample2 -->
