<?xml version="1.0" encoding="UTF-8"?>
<!-- Generated by org.testng.reporters.JUnitReportReporter -->
<testsuite hostname="DESKTOP-IVCEMNE" failures="0" tests="4" name="testNGAnnotations.FactoryAnnotationDemo" time="0.062" errors="0" timestamp="2026-01-07T14:06:21 IST" skipped="0">
  <testcase classname="testNGAnnotations.FactoryAnnotationDemo" name="multipleDemo" time="0.029"/>
  <testcase classname="testNGAnnotations.FactoryAnnotationDemo" name="multipleDemo" time="0.018"/>
  <testcase classname="testNGAnnotations.FactoryAnnotationDemo" name="sum" time="0.002"/>
  <testcase classname="testNGAnnotations.FactoryAnnotationDemo" name="sum" time="0.013"/>
</testsuite> <!-- testNGAnnotations.FactoryAnnotationDemo -->
