<?xml version="1.0" encoding="UTF-8"?>
<!-- Generated by org.testng.reporters.JUnitReportReporter -->
<testsuite hostname="DESKTOP-IVCEMNE" failures="0" tests="6" name="testNGAnnotations.DataProviderDemo2" time="0.034" errors="0" timestamp="2026-01-11T20:47:26 IST" skipped="0">
  <testcase classname="testNGAnnotations.DataProviderDemo2" name="dataProviderProfile" time="0.005"/>
  <testcase classname="testNGAnnotations.DataProviderDemo2" name="dataProviderProfile" time="0.003"/>
  <testcase classname="testNGAnnotations.DataProviderDemo2" name="dataProviderLogin" time="0.011"/>
  <testcase classname="testNGAnnotations.DataProviderDemo2" name="dataProviderLogin" time="0.003"/>
  <testcase classname="testNGAnnotations.DataProviderDemo2" name="dataProviderLogin" time="0.007"/>
  <testcase classname="testNGAnnotations.DataProviderDemo2" name="dataProviderProfile" time="0.005"/>
</testsuite> <!-- testNGAnnotations.DataProviderDemo2 -->
