<?xml version="1.0" encoding="UTF-8"?>
<!-- Generated by org.testng.reporters.JUnitReportReporter -->
<testsuite hostname="DESKTOP-IVCEMNE" failures="0" tests="5" name="parallelExecution.ParallelExecution3" time="0.108" errors="0" timestamp="2026-01-13T14:05:26 IST" skipped="0">
  <testcase classname="parallelExecution.ParallelExecution3" name="parallelExec3" time="0.022"/>
  <testcase classname="parallelExecution.ParallelExecution3" name="parallelExec2" time="0.022"/>
  <testcase classname="parallelExecution.ParallelExecution3" name="parallelExec1" time="0.020"/>
  <testcase classname="parallelExecution.ParallelExecution3" name="parallelExec5" time="0.023"/>
  <testcase classname="parallelExecution.ParallelExecution3" name="parallelExec4" time="0.021"/>
</testsuite> <!-- parallelExecution.ParallelExecution3 -->
