<?xml version="1.0" encoding="UTF-8"?>
<!-- Generated by org.testng.reporters.JUnitReportReporter -->
<testsuite hostname="DESKTOP-IVCEMNE" failures="0" tests="2" name="testNGAnnotations.TestNG_Annotations" time="0.034" errors="0" timestamp="2026-01-07T13:26:32 IST" skipped="0">
  <testcase classname="testNGAnnotations.TestNG_Annotations" name="testMethod2" time="0.013"/>
  <testcase classname="testNGAnnotations.TestNG_Annotations" name="testMethod1" time="0.021"/>
</testsuite> <!-- testNGAnnotations.TestNG_Annotations -->
