<?xml version="1.0" encoding="UTF-8"?>
<!-- Generated by org.testng.reporters.JUnitReportReporter -->
<testsuite hostname="DESKTOP-IVCEMNE" failures="0" tests="3" name="testNGAttributes.Attribute_dependsOnMethod" time="0.016" errors="0" timestamp="2026-01-12T20:18:31 IST" skipped="0">
  <testcase classname="testNGAttributes.Attribute_dependsOnMethod" name="parentMethod" time="0.003"/>
  <testcase classname="testNGAttributes.Attribute_dependsOnMethod" name="grandParentMethod" time="0.010"/>
  <testcase classname="testNGAttributes.Attribute_dependsOnMethod" name="childMethod" time="0.003"/>
</testsuite> <!-- testNGAttributes.Attribute_dependsOnMethod -->
