<?xml version="1.0" encoding="UTF-8"?>
<!-- Generated by org.testng.reporters.JUnitReportReporter -->
<testsuite hostname="DESKTOP-IVCEMNE" failures="0" tests="6" name="testNGAnnotations.DataProvider_ParallelExecution" time="0.111" errors="0" timestamp="2026-01-12T11:01:53 IST" skipped="0">
  <testcase classname="testNGAnnotations.DataProvider_ParallelExecution" name="loginData" time="0.008"/>
  <testcase classname="testNGAnnotations.DataProvider_ParallelExecution" name="loginData" time="0.026"/>
  <testcase classname="testNGAnnotations.DataProvider_ParallelExecution" name="loginData" time="0.025"/>
  <testcase classname="testNGAnnotations.DataProvider_ParallelExecution" name="loginData" time="0.010"/>
  <testcase classname="testNGAnnotations.DataProvider_ParallelExecution" name="loginData" time="0.038"/>
  <testcase classname="testNGAnnotations.DataProvider_ParallelExecution" name="loginData" time="0.004"/>
</testsuite> <!-- testNGAnnotations.DataProvider_ParallelExecution -->
