<?xml version="1.0" encoding="UTF-8"?>
<!-- Generated by org.testng.reporters.JUnitReportReporter -->
<testsuite hostname="DESKTOP-IVCEMNE" failures="0" tests="2" name="testNGAnnotations.BeforeMethod_AfterMethod" time="0.027" errors="0" timestamp="2026-01-07T11:57:41 IST" skipped="0">
  <testcase classname="testNGAnnotations.BeforeMethod_AfterMethod" name="mainMethod" time="0.013"/>
  <testcase classname="testNGAnnotations.BeforeMethod_AfterMethod" name="testMethod" time="0.014"/>
</testsuite> <!-- testNGAnnotations.BeforeMethod_AfterMethod -->
