<?xml version="1.0" encoding="UTF-8"?>
<!-- Generated by org.testng.reporters.JUnitReportReporter -->
<testsuite hostname="DESKTOP-IVCEMNE" failures="0" tests="14" name="testNGAnnotations.DataProviderReturnType" time="0.095" errors="0" timestamp="2026-01-12T10:51:00 IST" skipped="0">
  <testcase classname="testNGAnnotations.DataProviderReturnType" name="loginDataProvider" time="0.008"/>
  <testcase classname="testNGAnnotations.DataProviderReturnType" name="iteratorMethod" time="0.006"/>
  <testcase classname="testNGAnnotations.DataProviderReturnType" name="loginData" time="0.002"/>
  <testcase classname="testNGAnnotations.DataProviderReturnType" name="iteratorArrayObjectDemo" time="0.006"/>
  <testcase classname="testNGAnnotations.DataProviderReturnType" name="iteratorArrayObjectDemo" time="0.018"/>
  <testcase classname="testNGAnnotations.DataProviderReturnType" name="iteratorArrayObjectDemo" time="0.006"/>
  <testcase classname="testNGAnnotations.DataProviderReturnType" name="loginData" time="0.003"/>
  <testcase classname="testNGAnnotations.DataProviderReturnType" name="iteratorMethod" time="0.007"/>
  <testcase classname="testNGAnnotations.DataProviderReturnType" name="iteratorMethod" time="0.008"/>
  <testcase classname="testNGAnnotations.DataProviderReturnType" name="loginDataProvider" time="0.005"/>
  <testcase classname="testNGAnnotations.DataProviderReturnType" name="iteratorMethod" time="0.008"/>
  <testcase classname="testNGAnnotations.DataProviderReturnType" name="iteratorArrayObjectDemo" time="0.006"/>
  <testcase classname="testNGAnnotations.DataProviderReturnType" name="loginDataProvider" time="0.005"/>
  <testcase classname="testNGAnnotations.DataProviderReturnType" name="loginData" time="0.007"/>
</testsuite> <!-- testNGAnnotations.DataProviderReturnType -->
