<?xml version="1.0" encoding="UTF-8"?>
<!-- Generated by org.testng.reporters.JUnitReportReporter -->
<testsuite hostname="DESKTOP-IVCEMNE" failures="0" tests="3" name="testNGAnnotations.DataProviderDemo" time="0.019" errors="0" timestamp="2026-01-11T20:17:37 IST" skipped="0">
  <testcase classname="testNGAnnotations.DataProviderDemo" name="loginData" time="0.007"/>
  <testcase classname="testNGAnnotations.DataProviderDemo" name="loginData" time="0.009"/>
  <testcase classname="testNGAnnotations.DataProviderDemo" name="loginData" time="0.003"/>
</testsuite> <!-- testNGAnnotations.DataProviderDemo -->
