<?xml version="1.0" encoding="UTF-8"?>
<!-- Generated by org.testng.reporters.JUnitReportReporter -->
<testsuite hostname="DESKTOP-IVCEMNE" failures="0" tests="4" name="testNGAttributes.GroupTest" time="0.025" errors="0" timestamp="2026-01-12T20:56:14 IST" skipped="0">
  <testcase classname="testNGAttributes.GroupTest" name="testMethod3" time="0.002"/>
  <testcase classname="testNGAttributes.GroupTest" name="testMethod6" time="0.001"/>
  <testcase classname="testNGAttributes.GroupTest" name="testMethod2" time="0.020"/>
  <testcase classname="testNGAttributes.GroupTest" name="testMethod5" time="0.002"/>
</testsuite> <!-- testNGAttributes.GroupTest -->
