<?xml version="1.0" encoding="UTF-8"?>
<!-- Generated by org.testng.reporters.JUnitReportReporter -->
<testsuite hostname="DESKTOP-IVCEMNE" failures="0" tests="11" name="testNGAttributes.Attribute_Invocation" time="0.039" errors="0" timestamp="2026-01-12T20:05:28 IST" skipped="0">
  <testcase classname="testNGAttributes.Attribute_Invocation" name="invocationCount" time="0.001"/>
  <testcase classname="testNGAttributes.Attribute_Invocation" name="invocationCount" time="0.010"/>
  <testcase classname="testNGAttributes.Attribute_Invocation" name="invocationCount" time="0.001"/>
  <testcase classname="testNGAttributes.Attribute_Invocation" name="threadPoolSize" time="0.002"/>
  <testcase classname="testNGAttributes.Attribute_Invocation" name="invocationCount" time="0.006"/>
  <testcase classname="testNGAttributes.Attribute_Invocation" name="invocationCount" time="0.001"/>
  <testcase classname="testNGAttributes.Attribute_Invocation" name="invocationCount" time="0.004"/>
  <testcase classname="testNGAttributes.Attribute_Invocation" name="invocationCount" time="0.003"/>
  <testcase classname="testNGAttributes.Attribute_Invocation" name="invocationCount" time="0.003"/>
  <testcase classname="testNGAttributes.Attribute_Invocation" name="invocationCount" time="0.004"/>
  <testcase classname="testNGAttributes.Attribute_Invocation" name="invocationCount" time="0.004"/>
</testsuite> <!-- testNGAttributes.Attribute_Invocation -->
