<?xml version="1.0" encoding="UTF-8"?>
<!-- Generated by org.testng.reporters.JUnitReportReporter -->
<testsuite hostname="DESKTOP-IVCEMNE" failures="0" tests="3" name="testNGParameters.ThreeParameters" time="0.016" errors="0" timestamp="2026-01-13T13:06:36 IST" skipped="0">
  <testcase classname="testNGParameters.ThreeParameters" name="threeParameters" time="0.003"/>
  <testcase classname="testNGParameters.ThreeParameters" name="threeParameters" time="0.002"/>
  <testcase classname="testNGParameters.ThreeParameters" name="threeParameters" time="0.011"/>
</testsuite> <!-- testNGParameters.ThreeParameters -->
