<?xml version="1.0" encoding="UTF-8"?>
<!-- Generated by org.testng.reporters.JUnitXMLReporter -->
<testsuite ignored="2" hostname="DESKTOP-IVCEMNE" failures="0" tests="4" name="Test" time="0.139" errors="0" timestamp="2026-01-12T20:56:14 IST">
  <testcase classname="testNGAttributes.GroupTest" name="testMethod2" time="0.02"/>
  <testcase classname="testNGAttributes.GroupTest" name="testMethod3" time="0.002"/>
  <testcase classname="testNGAttributes.GroupTest" name="testMethod5" time="0.002"/>
  <testcase classname="testNGAttributes.GroupTest" name="testMethod6" time="0.001"/>
  <testcase classname="testNGAttributes.GroupTest" name="testMethod4" time="0.0">
    <ignored/>
  </testcase> <!-- testMethod4 -->
  <testcase classname="testNGAttributes.GroupTest" name="testMethod1" time="0.0">
    <ignored/>
  </testcase> <!-- testMethod1 -->
</testsuite> <!-- Test -->
