<?xml version="1.0" encoding="UTF-8"?>
<!-- Generated by org.testng.reporters.JUnitXMLReporter -->
<testsuite ignored="0" hostname="DESKTOP-IVCEMNE" failures="0" tests="15" name="Test" time="0.267" errors="0" timestamp="2026-01-13T14:05:25 IST">
  <testcase classname="parallelExecution.ParallelExecution3" name="parallelExec4" time="0.021"/>
  <testcase classname="parallelExecution.ParallelExecution3" name="parallelExec5" time="0.023"/>
  <testcase classname="parallelExecution.ParallelExecution3" name="parallelExec3" time="0.022"/>
  <testcase classname="parallelExecution.ParallelExecution3" name="parallelExec2" time="0.022"/>
  <testcase classname="parallelExecution.ParallelExecution3" name="parallelExec1" time="0.02"/>
  <testcase classname="parallelExecution.ParallelExecution2" name="parallelExec2" time="0.015"/>
  <testcase classname="parallelExecution.ParallelExecution" name="parallelExec1" time="0.007"/>
  <testcase classname="parallelExecution.ParallelExecution2" name="parallelExec3" time="0.004"/>
  <testcase classname="parallelExecution.ParallelExecution2" name="parallelExec5" time="0.01"/>
  <testcase classname="parallelExecution.ParallelExecution2" name="parallelExec4" time="0.026"/>
  <testcase classname="parallelExecution.ParallelExecution2" name="parallelExec1" time="0.026"/>
  <testcase classname="parallelExecution.ParallelExecution" name="parallelExec2" time="0.019"/>
  <testcase classname="parallelExecution.ParallelExecution" name="parallelExec3" time="0.026"/>
  <testcase classname="parallelExecution.ParallelExecution" name="parallelExec4" time="0.012"/>
  <testcase classname="parallelExecution.ParallelExecution" name="parallelExec5" time="0.026"/>
</testsuite> <!-- Test -->
